Validating found git in: git
Using git 2.25.1 from git
> git rev-parse --git-dir
Open repository: /home/anirudhkaushik
> git status -z -u
> git show --textconv :Desktop/OS_Assignment2/test.c
> git ls-files --stage -- /home/anirudhkaushik/Desktop/OS_Assignment2/test.c
> git check-ignore -v -z --stdin
> git symbolic-ref --short HEAD
> git for-each-ref --format=%(refname)%00%(upstream:short)%00%(objectname)%00%(upstream:track) refs/heads/master refs/remotes/master
> git for-each-ref --sort -committerdate --format %(refname) %(objectname) %(*objectname)
> git remote --verbose
> git config --get commit.template
> git check-ignore -v -z --stdin
> git show --textconv :Desktop/OS_Assignment2/test1.c
> git ls-files --stage -- /home/anirudhkaushik/Desktop/OS_Assignment2/test1.c
> git check-ignore -v -z --stdin
> git show --textconv :Desktop/OS_Assignment2/test.c
> git ls-files --stage -- /home/anirudhkaushik/Desktop/OS_Assignment2/test.c
> git show --textconv :Desktop/OS_Assignment2/test1.c
> git ls-files --stage -- /home/anirudhkaushik/Desktop/OS_Assignment2/test1.c
> git show --textconv :Desktop/OS_Assignment2/test.c
> git ls-files --stage -- /home/anirudhkaushik/Desktop/OS_Assignment2/test.c
